# JRE version: Java(TM) SE Runtime Environment (23.0+37) (build 23+37-2369)
# Java VM: Java HotSpot(TM) 64-Bit Server VM (23+37-2369, mixed mode, sharing, tiered, compressed oops, compressed class ptrs, g1 gc, windows-amd64)
GC Precious Log:
 CardTable entry size: 512
 Card Set container configuration: InlinePtr #cards 4 size 8 Array Of Cards #cards 32 size 80 Howl #buckets 8 coarsen threshold 7372 Howl Bitmap #cards 1024 size 144 coarsen threshold 921 Card regions per heap region 1 cards per card region 8192
 CPUs: 12 total, 12 available
 Memory: 32457M
 Large Page Support: Disabled
 NUMA Support: Disabled
 Compressed Oops: Enabled (Zero based)
 Heap Region Size: 4M
 Heap Min Capacity: 8M
 Heap Initial Capacity: 508M
 Heap Max Capacity: 8116M
 Pre-touch: Disabled
 Parallel Workers: 10
 Concurrent Workers: 3
 Concurrent Refinement Workers: 10
 Periodic GC: Disabled
Heap:
 garbage-first heap   total reserved 8310784K, committed 61440K, used 32873K [0x0000000604c00000, 0x0000000800000000)
  region size 4096K, 2 young (8192K), 1 survivors (4096K)
 Metaspace       used 30413K, committed 30848K, reserved 1114112K
  class space    used 3940K, committed 4160K, reserved 1048576K
GC Heap History (16 events):
Event: 0.682 GC heap before
{Heap before GC invocations=0 (full 0):
 garbage-first heap   total reserved 8310784K, committed 520192K, used 20480K [0x0000000604c00000, 0x0000000800000000)
  region size 4096K, 6 young (24576K), 0 survivors (0K)
 Metaspace       used 5087K, committed 5312K, reserved 1114112K
  class space    used 617K, committed 704K, reserved 1048576K
}
Event: 0.686 GC heap after
{Heap after GC invocations=1 (full 0):
 garbage-first heap   total reserved 8310784K, committed 520192K, used 3068K [0x0000000604c00000, 0x0000000800000000)
  region size 4096K, 1 young (4096K), 1 survivors (4096K)
 Metaspace       used 5087K, committed 5312K, reserved 1114112K
  class space    used 617K, committed 704K, reserved 1048576K
}
Event: 1.109 GC heap before
{Heap before GC invocations=1 (full 0):
 garbage-first heap   total reserved 8310784K, committed 520192K, used 23548K [0x0000000604c00000, 0x0000000800000000)
  region size 4096K, 7 young (28672K), 1 survivors (4096K)
 Metaspace       used 11240K, committed 11584K, reserved 1114112K
  class space    used 1501K, committed 1664K, reserved 1048576K
}
Event: 1.114 GC heap after
{Heap after GC invocations=2 (full 0):
 garbage-first heap   total reserved 8310784K, committed 520192K, used 7272K [0x0000000604c00000, 0x0000000800000000)
  region size 4096K, 1 young (4096K), 1 survivors (4096K)
 Metaspace       used 11240K, committed 11584K, reserved 1114112K
  class space    used 1501K, committed 1664K, reserved 1048576K
}
Event: 4.241 GC heap before
{Heap before GC invocations=2 (full 0):
 garbage-first heap   total reserved 8310784K, committed 520192K, used 35944K [0x0000000604c00000, 0x0000000800000000)
  region size 4096K, 10 young (40960K), 1 survivors (4096K)
 Metaspace       used 21147K, committed 21504K, reserved 1114112K
  class space    used 2783K, committed 2944K, reserved 1048576K
}
Event: 4.252 GC heap after
{Heap after GC invocations=3 (full 0):
 garbage-first heap   total reserved 8310784K, committed 520192K, used 11281K [0x0000000604c00000, 0x0000000800000000)
  region size 4096K, 2 young (8192K), 2 survivors (8192K)
 Metaspace       used 21147K, committed 21504K, reserved 1114112K
  class space    used 2783K, committed 2944K, reserved 1048576K
}
Event: 16.773 GC heap before
{Heap before GC invocations=4 (full 0):
 garbage-first heap   total reserved 8310784K, committed 40960K, used 39953K [0x0000000604c00000, 0x0000000800000000)
  region size 4096K, 9 young (36864K), 2 survivors (8192K)
 Metaspace       used 27017K, committed 27392K, reserved 1114112K
  class space    used 3616K, committed 3776K, reserved 1048576K
}
Event: 16.779 GC heap after
{Heap after GC invocations=5 (full 0):
 garbage-first heap   total reserved 8310784K, committed 57344K, used 15569K [0x0000000604c00000, 0x0000000800000000)
  region size 4096K, 2 young (8192K), 2 survivors (8192K)
 Metaspace       used 27017K, committed 27392K, reserved 1114112K
  class space    used 3616K, committed 3776K, reserved 1048576K
}
Event: 17.178 GC heap before
{Heap before GC invocations=5 (full 0):
 garbage-first heap   total reserved 8310784K, committed 57344K, used 36049K [0x0000000604c00000, 0x0000000800000000)
  region size 4096K, 7 young (28672K), 2 survivors (8192K)
 Metaspace       used 28537K, committed 28928K, reserved 1114112K
  class space    used 3838K, committed 4032K, reserved 1048576K
}
Event: 17.183 GC heap after
{Heap after GC invocations=6 (full 0):
 garbage-first heap   total reserved 8310784K, committed 57344K, used 19685K [0x0000000604c00000, 0x0000000800000000)
  region size 4096K, 1 young (4096K), 1 survivors (4096K)
 Metaspace       used 28537K, committed 28928K, reserved 1114112K
  class space    used 3838K, committed 4032K, reserved 1048576K
}
Event: 20.608 GC heap before
{Heap before GC invocations=6 (full 0):
 garbage-first heap   total reserved 8310784K, committed 57344K, used 36069K [0x0000000604c00000, 0x0000000800000000)
  region size 4096K, 6 young (24576K), 1 survivors (4096K)
 Metaspace       used 29364K, committed 29824K, reserved 1114112K
  class space    used 3866K, committed 4096K, reserved 1048576K
}
Event: 20.611 GC heap after
{Heap after GC invocations=7 (full 0):
 garbage-first heap   total reserved 8310784K, committed 57344K, used 27280K [0x0000000604c00000, 0x0000000800000000)
  region size 4096K, 1 young (4096K), 1 survivors (4096K)
 Metaspace       used 29364K, committed 29824K, reserved 1114112K
  class space    used 3866K, committed 4096K, reserved 1048576K
}
Event: 28.564 GC heap before
{Heap before GC invocations=7 (full 0):
 garbage-first heap   total reserved 8310784K, committed 57344K, used 35472K [0x0000000604c00000, 0x0000000800000000)
  region size 4096K, 4 young (16384K), 1 survivors (4096K)
 Metaspace       used 29961K, committed 30464K, reserved 1114112K
  class space    used 3935K, committed 4160K, reserved 1048576K
}
Event: 28.568 GC heap after
{Heap after GC invocations=8 (full 0):
 garbage-first heap   total reserved 8310784K, committed 57344K, used 27625K [0x0000000604c00000, 0x0000000800000000)
  region size 4096K, 1 young (4096K), 1 survivors (4096K)
 Metaspace       used 29961K, committed 30464K, reserved 1114112K
  class space    used 3935K, committed 4160K, reserved 1048576K
}
Event: 51.349 GC heap before
{Heap before GC invocations=9 (full 0):
 garbage-first heap   total reserved 8310784K, committed 61440K, used 44009K [0x0000000604c00000, 0x0000000800000000)
  region size 4096K, 4 young (16384K), 1 survivors (4096K)
 Metaspace       used 30318K, committed 30848K, reserved 1114112K
  class space    used 3937K, committed 4160K, reserved 1048576K
}
Event: 51.351 GC heap after
{Heap after GC invocations=10 (full 0):
 garbage-first heap   total reserved 8310784K, committed 61440K, used 32873K [0x0000000604c00000, 0x0000000800000000)
  region size 4096K, 1 young (4096K), 1 survivors (4096K)
 Metaspace       used 30318K, committed 30848K, reserved 1114112K
  class space    used 3937K, committed 4160K, reserved 1048576K
}

