# JRE version: Java(TM) SE Runtime Environment (23.0+37) (build 23+37-2369)
# Java VM: Java HotSpot(TM) 64-Bit Server VM (23+37-2369, mixed mode, sharing, tiered, compressed oops, compressed class ptrs, g1 gc, windows-amd64)
GC Precious Log:
 CardTable entry size: 512
 Card Set container configuration: InlinePtr #cards 4 size 8 Array Of Cards #cards 32 size 80 Howl #buckets 8 coarsen threshold 7372 Howl Bitmap #cards 1024 size 144 coarsen threshold 921 Card regions per heap region 1 cards per card region 8192
 CPUs: 12 total, 12 available
 Memory: 32457M
 Large Page Support: Disabled
 NUMA Support: Disabled
 Compressed Oops: Enabled (Zero based)
 Heap Region Size: 4M
 Heap Min Capacity: 8M
 Heap Initial Capacity: 508M
 Heap Max Capacity: 8116M
 Pre-touch: Disabled
 Parallel Workers: 10
 Concurrent Workers: 3
 Concurrent Refinement Workers: 10
 Periodic GC: Disabled
Heap:
 garbage-first heap   total reserved 8310784K, committed 77824K, used 35240K [0x0000000604c00000, 0x0000000800000000)
  region size 4096K, 2 young (8192K), 1 survivors (4096K)
 Metaspace       used 37380K, committed 37952K, reserved 1114112K
  class space    used 4641K, committed 4864K, reserved 1048576K
GC Heap History (20 events):
Event: 462.452 GC heap before
{Heap before GC invocations=16 (full 0):
 garbage-first heap   total reserved 8310784K, committed 77824K, used 59497K [0x0000000604c00000, 0x0000000800000000)
  region size 4096K, 6 young (24576K), 1 survivors (4096K)
 Metaspace       used 36471K, committed 37056K, reserved 1114112K
  class space    used 4595K, committed 4864K, reserved 1048576K
}
Event: 462.459 GC heap after
{Heap after GC invocations=17 (full 0):
 garbage-first heap   total reserved 8310784K, committed 77824K, used 33311K [0x0000000604c00000, 0x0000000800000000)
  region size 4096K, 1 young (4096K), 1 survivors (4096K)
 Metaspace       used 36471K, committed 37056K, reserved 1114112K
  class space    used 4595K, committed 4864K, reserved 1048576K
}
Event: 492.340 GC heap before
{Heap before GC invocations=17 (full 0):
 garbage-first heap   total reserved 8310784K, committed 77824K, used 53791K [0x0000000604c00000, 0x0000000800000000)
  region size 4096K, 7 young (28672K), 1 survivors (4096K)
 Metaspace       used 36621K, committed 37184K, reserved 1114112K
  class space    used 4595K, committed 4864K, reserved 1048576K
}
Event: 492.342 GC heap after
{Heap after GC invocations=18 (full 0):
 garbage-first heap   total reserved 8310784K, committed 77824K, used 38949K [0x0000000604c00000, 0x0000000800000000)
  region size 4096K, 1 young (4096K), 1 survivors (4096K)
 Metaspace       used 36621K, committed 37184K, reserved 1114112K
  class space    used 4595K, committed 4864K, reserved 1048576K
}
Event: 506.456 GC heap before
{Heap before GC invocations=18 (full 0):
 garbage-first heap   total reserved 8310784K, committed 77824K, used 55333K [0x0000000604c00000, 0x0000000800000000)
  region size 4096K, 6 young (24576K), 1 survivors (4096K)
 Metaspace       used 36677K, committed 37312K, reserved 1114112K
  class space    used 4597K, committed 4864K, reserved 1048576K
}
Event: 506.459 GC heap after
{Heap after GC invocations=19 (full 0):
 garbage-first heap   total reserved 8310784K, committed 77824K, used 44922K [0x0000000604c00000, 0x0000000800000000)
  region size 4096K, 1 young (4096K), 1 survivors (4096K)
 Metaspace       used 36677K, committed 37312K, reserved 1114112K
  class space    used 4597K, committed 4864K, reserved 1048576K
}
Event: 519.583 GC heap before
{Heap before GC invocations=20 (full 0):
 garbage-first heap   total reserved 8310784K, committed 77824K, used 61306K [0x0000000604c00000, 0x0000000800000000)
  region size 4096K, 5 young (20480K), 1 survivors (4096K)
 Metaspace       used 36791K, committed 37376K, reserved 1114112K
  class space    used 4598K, committed 4864K, reserved 1048576K
}
Event: 519.586 GC heap after
{Heap after GC invocations=21 (full 0):
 garbage-first heap   total reserved 8310784K, committed 77824K, used 48067K [0x0000000604c00000, 0x0000000800000000)
  region size 4096K, 1 young (4096K), 1 survivors (4096K)
 Metaspace       used 36791K, committed 37376K, reserved 1114112K
  class space    used 4598K, committed 4864K, reserved 1048576K
}
Event: 587.044 GC heap before
{Heap before GC invocations=21 (full 0):
 garbage-first heap   total reserved 8310784K, committed 77824K, used 64451K [0x0000000604c00000, 0x0000000800000000)
  region size 4096K, 5 young (20480K), 1 survivors (4096K)
 Metaspace       used 36877K, committed 37504K, reserved 1114112K
  class space    used 4599K, committed 4864K, reserved 1048576K
}
Event: 587.052 GC heap after
{Heap after GC invocations=22 (full 0):
 garbage-first heap   total reserved 8310784K, committed 77824K, used 41926K [0x0000000604c00000, 0x0000000800000000)
  region size 4096K, 1 young (4096K), 1 survivors (4096K)
 Metaspace       used 36877K, committed 37504K, reserved 1114112K
  class space    used 4599K, committed 4864K, reserved 1048576K
}
Event: 681.732 GC heap before
{Heap before GC invocations=22 (full 0):
 garbage-first heap   total reserved 8310784K, committed 77824K, used 62406K [0x0000000604c00000, 0x0000000800000000)
  region size 4096K, 6 young (24576K), 1 survivors (4096K)
 Metaspace       used 37079K, committed 37632K, reserved 1114112K
  class space    used 4628K, committed 4864K, reserved 1048576K
}
Event: 681.738 GC heap after
{Heap after GC invocations=23 (full 0):
 garbage-first heap   total reserved 8310784K, committed 77824K, used 38550K [0x0000000604c00000, 0x0000000800000000)
  region size 4096K, 1 young (4096K), 1 survivors (4096K)
 Metaspace       used 37079K, committed 37632K, reserved 1114112K
  class space    used 4628K, committed 4864K, reserved 1048576K
}
Event: 694.703 GC heap before
{Heap before GC invocations=23 (full 0):
 garbage-first heap   total reserved 8310784K, committed 77824K, used 59030K [0x0000000604c00000, 0x0000000800000000)
  region size 4096K, 6 young (24576K), 1 survivors (4096K)
 Metaspace       used 37207K, committed 37760K, reserved 1114112K
  class space    used 4635K, committed 4864K, reserved 1048576K
}
Event: 694.707 GC heap after
{Heap after GC invocations=24 (full 0):
 garbage-first heap   total reserved 8310784K, committed 77824K, used 44087K [0x0000000604c00000, 0x0000000800000000)
  region size 4096K, 1 young (4096K), 1 survivors (4096K)
 Metaspace       used 37207K, committed 37760K, reserved 1114112K
  class space    used 4635K, committed 4864K, reserved 1048576K
}
Event: 788.530 GC heap before
{Heap before GC invocations=25 (full 0):
 garbage-first heap   total reserved 8310784K, committed 77824K, used 64567K [0x0000000604c00000, 0x0000000800000000)
  region size 4096K, 6 young (24576K), 1 survivors (4096K)
 Metaspace       used 37273K, committed 37824K, reserved 1114112K
  class space    used 4635K, committed 4864K, reserved 1048576K
}
Event: 788.541 GC heap after
{Heap after GC invocations=26 (full 0):
 garbage-first heap   total reserved 8310784K, committed 77824K, used 45216K [0x0000000604c00000, 0x0000000800000000)
  region size 4096K, 1 young (4096K), 1 survivors (4096K)
 Metaspace       used 37273K, committed 37824K, reserved 1114112K
  class space    used 4635K, committed 4864K, reserved 1048576K
}
Event: 957.927 GC heap before
{Heap before GC invocations=26 (full 0):
 garbage-first heap   total reserved 8310784K, committed 77824K, used 57504K [0x0000000604c00000, 0x0000000800000000)
  region size 4096K, 5 young (20480K), 1 survivors (4096K)
 Metaspace       used 37326K, committed 37888K, reserved 1114112K
  class space    used 4636K, committed 4864K, reserved 1048576K
}
Event: 957.929 GC heap after
{Heap after GC invocations=27 (full 0):
 garbage-first heap   total reserved 8310784K, committed 77824K, used 37465K [0x0000000604c00000, 0x0000000800000000)
  region size 4096K, 1 young (4096K), 1 survivors (4096K)
 Metaspace       used 37326K, committed 37888K, reserved 1114112K
  class space    used 4636K, committed 4864K, reserved 1048576K
}
Event: 1834.697 GC heap before
{Heap before GC invocations=27 (full 0):
 garbage-first heap   total reserved 8310784K, committed 77824K, used 62041K [0x0000000604c00000, 0x0000000800000000)
  region size 4096K, 7 young (28672K), 1 survivors (4096K)
 Metaspace       used 37368K, committed 37952K, reserved 1114112K
  class space    used 4637K, committed 4864K, reserved 1048576K
}
Event: 1834.702 GC heap after
{Heap after GC invocations=28 (full 0):
 garbage-first heap   total reserved 8310784K, committed 77824K, used 35240K [0x0000000604c00000, 0x0000000800000000)
  region size 4096K, 1 young (4096K), 1 survivors (4096K)
 Metaspace       used 37368K, committed 37952K, reserved 1114112K
  class space    used 4637K, committed 4864K, reserved 1048576K
}

